[debug] [2025-06-12T10:15:08.531Z] ----------------------------------------------------------------------
[debug] [2025-06-12T10:15:08.532Z] Command:       C:\Program Files\nodejs\node.exe C:\Users\anteb\AppData\Roaming\npm\node_modules\firebase-tools\lib\bin\firebase.js deploy --only firestore:indexes
[debug] [2025-06-12T10:15:08.533Z] CLI Version:   14.6.0
[debug] [2025-06-12T10:15:08.533Z] Platform:      win32
[debug] [2025-06-12T10:15:08.533Z] Node Version:  v22.14.0
[debug] [2025-06-12T10:15:08.533Z] Time:          Thu Jun 12 2025 11:15:08 GMT+0100 (Irish Standard Time)
[debug] [2025-06-12T10:15:08.533Z] ----------------------------------------------------------------------
[debug] 
[debug] [2025-06-12T10:15:08.638Z] > command requires scopes: ["email","openid","https://www.googleapis.com/auth/cloudplatformprojects.readonly","https://www.googleapis.com/auth/firebase","https://www.googleapis.com/auth/cloud-platform"]
[debug] [2025-06-12T10:15:08.639Z] > authorizing via signed-in user (porvipop1@gmail.com)
[debug] [2025-06-12T10:15:08.639Z] [iam] checking project gantt-chart-ea44e for permissions ["datastore.indexes.create","datastore.indexes.delete","datastore.indexes.list","datastore.indexes.update","firebase.projects.get"]
[debug] [2025-06-12T10:15:08.639Z] Checked if tokens are valid: true, expires at: 1749726224327
[debug] [2025-06-12T10:15:08.639Z] Checked if tokens are valid: true, expires at: 1749726224327
[debug] [2025-06-12T10:15:08.640Z] >>> [apiv2][query] POST https://cloudresourcemanager.googleapis.com/v1/projects/gantt-chart-ea44e:testIamPermissions [none]
[debug] [2025-06-12T10:15:08.640Z] >>> [apiv2][(partial)header] POST https://cloudresourcemanager.googleapis.com/v1/projects/gantt-chart-ea44e:testIamPermissions x-goog-quota-user=projects/gantt-chart-ea44e
[debug] [2025-06-12T10:15:08.640Z] >>> [apiv2][body] POST https://cloudresourcemanager.googleapis.com/v1/projects/gantt-chart-ea44e:testIamPermissions {"permissions":["datastore.indexes.create","datastore.indexes.delete","datastore.indexes.list","datastore.indexes.update","firebase.projects.get"]}
[debug] [2025-06-12T10:15:08.899Z] <<< [apiv2][status] POST https://cloudresourcemanager.googleapis.com/v1/projects/gantt-chart-ea44e:testIamPermissions 200
[debug] [2025-06-12T10:15:08.899Z] <<< [apiv2][body] POST https://cloudresourcemanager.googleapis.com/v1/projects/gantt-chart-ea44e:testIamPermissions {"permissions":["datastore.indexes.create","datastore.indexes.delete","datastore.indexes.list","datastore.indexes.update","firebase.projects.get"]}
[info] 
[info] === Deploying to 'gantt-chart-ea44e'...
[info] 
[info] i  deploying firestore 
[info] i  firestore: reading indexes from firestore.indexes.json... 
[info] i  cloud.firestore: checking firestore.rules for compilation errors... 
[debug] [2025-06-12T10:15:08.906Z] Checked if tokens are valid: true, expires at: 1749726224327
[debug] [2025-06-12T10:15:08.906Z] Checked if tokens are valid: true, expires at: 1749726224327
[debug] [2025-06-12T10:15:08.907Z] >>> [apiv2][query] POST https://firebaserules.googleapis.com/v1/projects/gantt-chart-ea44e:test [none]
[debug] [2025-06-12T10:15:08.907Z] >>> [apiv2][body] POST https://firebaserules.googleapis.com/v1/projects/gantt-chart-ea44e:test [omitted]
[debug] [2025-06-12T10:15:09.283Z] <<< [apiv2][status] POST https://firebaserules.googleapis.com/v1/projects/gantt-chart-ea44e:test 200
[debug] [2025-06-12T10:15:09.283Z] <<< [apiv2][body] POST https://firebaserules.googleapis.com/v1/projects/gantt-chart-ea44e:test {}
[info] +  cloud.firestore: rules file firestore.rules compiled successfully 
[debug] [2025-06-12T10:15:09.285Z] Checked if tokens are valid: true, expires at: 1749726224327
[debug] [2025-06-12T10:15:09.285Z] Checked if tokens are valid: true, expires at: 1749726224327
[debug] [2025-06-12T10:15:09.285Z] >>> [apiv2][query] GET https://firestore.googleapis.com/v1/projects/gantt-chart-ea44e/databases/(default) [none]
[debug] [2025-06-12T10:15:10.120Z] <<< [apiv2][status] GET https://firestore.googleapis.com/v1/projects/gantt-chart-ea44e/databases/(default) 200
[debug] [2025-06-12T10:15:10.121Z] <<< [apiv2][body] GET https://firestore.googleapis.com/v1/projects/gantt-chart-ea44e/databases/(default) {"name":"projects/gantt-chart-ea44e/databases/(default)","uid":"f02bbafa-17de-4092-9fc5-c45389bbd3a4","createTime":"2025-06-05T15:46:13.591550Z","updateTime":"2025-06-05T15:46:13.591550Z","locationId":"nam5","type":"FIRESTORE_NATIVE","concurrencyMode":"PESSIMISTIC","versionRetentionPeriod":"3600s","earliestVersionTime":"2025-06-12T09:15:09.854362Z","appEngineIntegrationMode":"DISABLED","keyPrefix":"s","pointInTimeRecoveryEnablement":"POINT_IN_TIME_RECOVERY_DISABLED","deleteProtectionState":"DELETE_PROTECTION_DISABLED","databaseEdition":"STANDARD","freeTier":true,"etag":"IP2X26LT640DMNDG08TQ2o0D"}
[info] i  firestore: deploying indexes... 
[debug] [2025-06-12T10:15:10.122Z] Checked if tokens are valid: true, expires at: 1749726224327
[debug] [2025-06-12T10:15:10.122Z] Checked if tokens are valid: true, expires at: 1749726224327
[debug] [2025-06-12T10:15:10.122Z] >>> [apiv2][query] GET https://firestore.googleapis.com/v1/projects/gantt-chart-ea44e/databases/(default)/collectionGroups/-/indexes [none]
[debug] [2025-06-12T10:15:10.326Z] <<< [apiv2][status] GET https://firestore.googleapis.com/v1/projects/gantt-chart-ea44e/databases/(default)/collectionGroups/-/indexes 200
[debug] [2025-06-12T10:15:10.326Z] <<< [apiv2][body] GET https://firestore.googleapis.com/v1/projects/gantt-chart-ea44e/databases/(default)/collectionGroups/-/indexes {"indexes":[{"name":"projects/gantt-chart-ea44e/databases/(default)/collectionGroups/tags/indexes/CICAgJim14AK","queryScope":"COLLECTION","fields":[{"fieldPath":"ownerId","order":"ASCENDING"},{"fieldPath":"usageCount","order":"DESCENDING"},{"fieldPath":"__name__","order":"ASCENDING"}],"state":"READY","density":"SPARSE_ALL"},{"name":"projects/gantt-chart-ea44e/databases/(default)/collectionGroups/notes/indexes/CICAgOjXh4EK","queryScope":"COLLECTION","fields":[{"fieldPath":"ownerId","order":"ASCENDING"},{"fieldPath":"updatedAt","order":"DESCENDING"},{"fieldPath":"__name__","order":"ASCENDING"}],"state":"READY","density":"SPARSE_ALL"},{"name":"projects/gantt-chart-ea44e/databases/(default)/collectionGroups/notes/indexes/CICAgJjF9oIK","queryScope":"COLLECTION","fields":[{"fieldPath":"ownerId","order":"ASCENDING"},{"fieldPath":"updatedAt","order":"DESCENDING"},{"fieldPath":"__name__","order":"DESCENDING"}],"state":"READY","density":"SPARSE_ALL"},{"name":"projects/gantt-chart-ea44e/databases/(default)/collectionGroups/folders/indexes/CICAgJiUpoMK","queryScope":"COLLECTION","fields":[{"fieldPath":"ownerId","order":"ASCENDING"},{"fieldPath":"path","order":"ASCENDING"},{"fieldPath":"__name__","order":"ASCENDING"}],"state":"READY","density":"SPARSE_ALL"}]}
[debug] [2025-06-12T10:15:10.327Z] Checked if tokens are valid: true, expires at: 1749726224327
[debug] [2025-06-12T10:15:10.327Z] Checked if tokens are valid: true, expires at: 1749726224327
[debug] [2025-06-12T10:15:10.327Z] >>> [apiv2][query] GET https://firestore.googleapis.com/v1/projects/gantt-chart-ea44e/databases/(default)/collectionGroups/-/fields?filter=indexConfig.usesAncestorConfig=false OR ttlConfig:* [none]
[debug] [2025-06-12T10:15:10.491Z] <<< [apiv2][status] GET https://firestore.googleapis.com/v1/projects/gantt-chart-ea44e/databases/(default)/collectionGroups/-/fields?filter=indexConfig.usesAncestorConfig=false OR ttlConfig:* 200
[debug] [2025-06-12T10:15:10.491Z] <<< [apiv2][body] GET https://firestore.googleapis.com/v1/projects/gantt-chart-ea44e/databases/(default)/collectionGroups/-/fields?filter=indexConfig.usesAncestorConfig=false OR ttlConfig:* {"fields":[{"name":"projects/gantt-chart-ea44e/databases/(default)/collectionGroups/__default__/fields/*","indexConfig":{"indexes":[{"queryScope":"COLLECTION","fields":[{"fieldPath":"*","order":"ASCENDING"}],"state":"READY"},{"queryScope":"COLLECTION","fields":[{"fieldPath":"*","order":"DESCENDING"}],"state":"READY"},{"queryScope":"COLLECTION","fields":[{"fieldPath":"*","arrayConfig":"CONTAINS"}],"state":"READY"}]}}]}
[info] i  firestore: The following indexes are defined in your project but are not present in your firestore indexes file:
	(tags) -- (ownerId,ASCENDING) (usageCount,DESCENDING) 
	(notes) -- (ownerId,ASCENDING) (updatedAt,DESCENDING) 
	(notes) -- (ownerId,ASCENDING) (updatedAt,DESCENDING) 
	(folders) -- (ownerId,ASCENDING) (path,ASCENDING)  
